2022-11-25 12:32:51,598 [INFO] Activator:177 - 


2022-11-25 12:32:51,598 [INFO] Activator:178 - !SESSION log4j initialized
2022-11-25 12:33:14,554 [ERROR] LogOutputStream:74 - [STDERR_REDIRECT] SLF4J: Failed to load class "org.slf4j.impl.StaticLoggerBinder".
2022-11-25 12:33:14,554 [ERROR] LogOutputStream:74 - [STDERR_REDIRECT] SLF4J: Defaulting to no-operation (NOP) logger implementation
2022-11-25 12:33:14,554 [ERROR] LogOutputStream:74 - [STDERR_REDIRECT] SLF4J: See http://www.slf4j.org/codes.html#StaticLoggerBinder for further details.
2022-11-30 14:50:45,768 [INFO] Activator:177 - 


2022-11-30 14:50:45,768 [INFO] Activator:178 - !SESSION log4j initialized
2022-11-30 14:51:14,996 [ERROR] LogOutputStream:74 - [STDERR_REDIRECT] SLF4J: Failed to load class "org.slf4j.impl.StaticLoggerBinder".
2022-11-30 14:51:14,996 [ERROR] LogOutputStream:74 - [STDERR_REDIRECT] SLF4J: Defaulting to no-operation (NOP) logger implementation
2022-11-30 14:51:14,996 [ERROR] LogOutputStream:74 - [STDERR_REDIRECT] SLF4J: See http://www.slf4j.org/codes.html#StaticLoggerBinder for further details.
2022-11-30 14:52:33,661 [INFO] Activator:177 - 


2022-11-30 14:52:33,661 [INFO] Activator:178 - !SESSION log4j initialized
2022-11-30 14:53:00,684 [ERROR] LogOutputStream:74 - [STDERR_REDIRECT] SLF4J: Failed to load class "org.slf4j.impl.StaticLoggerBinder".
2022-11-30 14:53:00,684 [ERROR] LogOutputStream:74 - [STDERR_REDIRECT] SLF4J: Defaulting to no-operation (NOP) logger implementation
2022-11-30 14:53:00,684 [ERROR] LogOutputStream:74 - [STDERR_REDIRECT] SLF4J: See http://www.slf4j.org/codes.html#StaticLoggerBinder for further details.
2022-12-01 10:45:34,965 [INFO] Activator:177 - 


2022-12-01 10:45:34,965 [INFO] Activator:178 - !SESSION log4j initialized
2022-12-01 10:46:03,205 [ERROR] LogOutputStream:74 - [STDERR_REDIRECT] SLF4J: Failed to load class "org.slf4j.impl.StaticLoggerBinder".
2022-12-01 10:46:03,207 [ERROR] LogOutputStream:74 - [STDERR_REDIRECT] SLF4J: Defaulting to no-operation (NOP) logger implementation
2022-12-01 10:46:03,209 [ERROR] LogOutputStream:74 - [STDERR_REDIRECT] SLF4J: See http://www.slf4j.org/codes.html#StaticLoggerBinder for further details.
2022-12-05 09:54:20,147 [INFO] Activator:177 - 


2022-12-05 09:54:20,147 [INFO] Activator:178 - !SESSION log4j initialized
2022-12-05 09:54:47,809 [ERROR] LogOutputStream:74 - [STDERR_REDIRECT] SLF4J: Failed to load class "org.slf4j.impl.StaticLoggerBinder".
2022-12-05 09:54:47,809 [ERROR] LogOutputStream:74 - [STDERR_REDIRECT] SLF4J: Defaulting to no-operation (NOP) logger implementation
2022-12-05 09:54:47,809 [ERROR] LogOutputStream:74 - [STDERR_REDIRECT] SLF4J: See http://www.slf4j.org/codes.html#StaticLoggerBinder for further details.
2022-12-06 11:43:13,157 [INFO] Activator:177 - 


2022-12-06 11:43:13,157 [INFO] Activator:178 - !SESSION log4j initialized
2022-12-06 11:43:41,126 [ERROR] LogOutputStream:74 - [STDERR_REDIRECT] SLF4J: Failed to load class "org.slf4j.impl.StaticLoggerBinder".
2022-12-06 11:43:41,126 [ERROR] LogOutputStream:74 - [STDERR_REDIRECT] SLF4J: Defaulting to no-operation (NOP) logger implementation
2022-12-06 11:43:41,126 [ERROR] LogOutputStream:74 - [STDERR_REDIRECT] SLF4J: See http://www.slf4j.org/codes.html#StaticLoggerBinder for further details.
